{
  message: 'Database connect successfully',
  level: 'info',
  service: 'user-service',
  label: 'PH',
  timestamp: '2023-06-02T16:33:43.557Z'
}
{
  message: 'Example app listening on port 4000',
  level: 'info',
  service: 'user-service',
  label: 'PH',
  timestamp: '2023-06-02T16:33:43.566Z'
}
{
  message: 'Database connect successfully',
  level: 'info',
  service: 'user-service',
  label: 'PH',
  timestamp: '2023-06-02T16:34:01.275Z'
}
{
  message: 'Example app listening on port 4000',
  level: 'info',
  service: 'user-service',
  label: 'PH',
  timestamp: '2023-06-02T16:34:01.281Z'
}
{
  message: 'Database connect successfully',
  level: 'info',
  service: 'user-service',
  label: 'PH',
  timestamp: '2023-06-02T16:34:13.407Z'
}
{
  message: 'Example app listening on port 4000',
  level: 'info',
  service: 'user-service',
  label: 'PH',
  timestamp: '2023-06-02T16:34:13.412Z'
}
{
  message: 'Database connect successfully',
  level: 'info',
  service: 'user-service',
  label: 'PH',
  timestamp: '2023-06-02T16:36:53.522Z'
}
{
  message: 'Example app listening on port 4000',
  level: 'info',
  service: 'user-service',
  label: 'PH',
  timestamp: '2023-06-02T16:36:53.532Z'
}
{
  message: 'Database connect successfully',
  level: 'info',
  service: 'user-service',
  label: 'PH',
  timestamp: '2023-06-02T16:36:58.541Z'
}
{
  message: 'Example app listening on port 4000',
  level: 'info',
  service: 'user-service',
  label: 'PH',
  timestamp: '2023-06-02T16:36:58.547Z'
}
{
  message: 'Database connect successfully',
  level: 'info',
  service: 'user-service',
  label: 'PH',
  timestamp: '2023-06-02T16:37:03.782Z'
}
{
  message: 'Example app listening on port 4000',
  level: 'info',
  service: 'user-service',
  label: 'PH',
  timestamp: '2023-06-02T16:37:03.795Z'
}
{
  message: 'Database connect successfully',
  level: 'info',
  service: 'user-service',
  label: 'PH',
  timestamp: '2023-06-02T16:37:13.462Z'
}
{
  message: 'Example app listening on port 4000',
  level: 'info',
  service: 'user-service',
  label: 'PH',
  timestamp: '2023-06-02T16:37:13.467Z'
}
{
  message: 'Database connect successfully',
  level: 'info',
  service: 'user-service',
  label: 'PH',
  timestamp: '2023-06-02T16:37:17.321Z'
}
{
  message: 'Example app listening on port 4000',
  level: 'info',
  service: 'user-service',
  label: 'PH',
  timestamp: '2023-06-02T16:37:17.327Z'
}
{
  message: 'Database connect successfully',
  level: 'info',
  service: 'user-service',
  label: 'PH',
  timestamp: '2023-06-02T16:37:29.575Z'
}
{
  message: 'Example app listening on port 4000',
  level: 'info',
  service: 'user-service',
  label: 'PH',
  timestamp: '2023-06-02T16:37:29.586Z'
}
{
  message: 'Database connect successfully',
  level: 'info',
  service: 'user-service',
  label: 'PH',
  timestamp: '2023-06-02T16:37:37.439Z'
}
{
  message: 'Example app listening on port 4000',
  level: 'info',
  service: 'user-service',
  label: 'PH',
  timestamp: '2023-06-02T16:37:37.447Z'
}
{
  message: 'Database connect successfully',
  level: 'info',
  service: 'user-service',
  label: 'PH',
  timestamp: '2023-06-02T16:37:50.533Z'
}
{
  message: 'Example app listening on port 4000',
  level: 'info',
  service: 'user-service',
  label: 'PH',
  timestamp: '2023-06-02T16:37:50.541Z'
}
{
  message: 'Database connect successfully',
  level: 'info',
  service: 'user-service',
  label: 'PH',
  timestamp: '2023-06-02T16:37:56.747Z'
}
{
  message: 'Example app listening on port 4000',
  level: 'info',
  service: 'user-service',
  label: 'PH',
  timestamp: '2023-06-02T16:37:56.761Z'
}
{
  message: 'Database connect successfully',
  level: 'info',
  service: 'user-service',
  label: 'PH',
  timestamp: '2023-06-02T16:38:06.068Z'
}
{
  message: 'Example app listening on port 4000',
  level: 'info',
  service: 'user-service',
  label: 'PH',
  timestamp: '2023-06-02T16:38:06.079Z'
}
{
  message: 'Database connect successfully',
  level: 'info',
  service: 'user-service',
  label: 'PH',
  timestamp: '2023-06-02T16:38:30.313Z'
}
{
  message: 'Example app listening on port 4000',
  level: 'info',
  service: 'user-service',
  label: 'PH',
  timestamp: '2023-06-02T16:38:30.318Z'
}
{
  message: 'Database connect successfully',
  level: 'info',
  service: 'user-service',
  label: 'PH',
  timestamp: '2023-06-02T16:38:34.912Z'
}
{
  message: 'Example app listening on port 4000',
  level: 'info',
  service: 'user-service',
  label: 'PH',
  timestamp: '2023-06-02T16:38:34.924Z'
}
{
  message: 'Database connect successfully',
  level: 'info',
  service: 'user-service',
  label: 'PH',
  timestamp: '2023-06-02T16:38:43.400Z'
}
{
  message: 'Example app listening on port 4000',
  level: 'info',
  service: 'user-service',
  label: 'PH',
  timestamp: '2023-06-02T16:38:43.405Z'
}
{
  message: 'Database connect successfully',
  level: 'info',
  service: 'user-service',
  label: 'PH',
  timestamp: '2023-06-02T16:39:09.587Z'
}
{
  message: 'Example app listening on port 4000',
  level: 'info',
  service: 'user-service',
  label: 'PH',
  timestamp: '2023-06-02T16:39:09.601Z'
}
{
  message: 'Database connect successfully',
  level: 'info',
  service: 'user-service',
  label: 'PH',
  timestamp: '2023-06-02T16:39:20.014Z'
}
{
  message: 'Example app listening on port 4000',
  level: 'info',
  service: 'user-service',
  label: 'PH',
  timestamp: '2023-06-02T16:39:20.020Z'
}
