{
  statusCode: 409,
  level: 'error',
  service: 'user-service',
  label: 'PH',
  timestamp: '2023-06-08T16:38:47.612Z'
}
{
  statusCode: 409,
  level: 'error',
  service: 'user-service',
  label: 'PH',
  timestamp: '2023-06-08T16:39:19.309Z'
}
{
  level: 'error',
  service: 'user-service',
  label: 'PH',
  timestamp: '2023-06-08T16:46:51.242Z'
}
{
  level: 'error',
  service: 'user-service',
  label: 'PH',
  timestamp: '2023-06-08T16:47:40.312Z'
}
{
  level: 'error',
  service: 'user-service',
  label: 'PH',
  timestamp: '2023-06-08T16:48:40.418Z'
}
{
  statusCode: 400,
  level: 'error',
  service: 'user-service',
  label: 'PH',
  timestamp: '2023-06-08T16:53:22.935Z'
}
{
  level: 'error',
  service: 'user-service',
  label: 'PH',
  timestamp: '2023-06-08T16:55:26.455Z'
}
{
  level: 'error',
  service: 'user-service',
  label: 'PH',
  timestamp: '2023-06-08T16:55:38.676Z'
}
{
  level: 'error',
  service: 'user-service',
  label: 'PH',
  timestamp: '2023-06-08T16:56:03.812Z'
}
{
  level: 'error',
  service: 'user-service',
  label: 'PH',
  timestamp: '2023-06-08T16:56:19.330Z'
}
